2026-04-23 17:42:02: ------------------------------------------------
2026-04-23 17:42:02: hRAG CONTROL ROOM: SECURITY BOOTSTRAP
2026-04-23 17:42:02: Node ID: Steves-MacBook-Pro.local-e700595c
2026-04-23 17:42:02: ------------------------------------------------
2026-04-23 17:42:02: [-] Retrieving secure blob from Garage S3...
2026-04-23 17:42:02: Listening on http://0.0.0.0:3000
2026-04-23 17:42:02: [-] Decrypting JWT secret material...
2026-04-23 17:42:02: [+] Security chain established. Node is operational.
2026-04-23 17:42:02: [+] Heartbeat monitoring active (60s interval).
2026-04-23 17:42:02: ------------------------------------------------
2026-04-23 17:47:16: ------------------------------------------------
2026-04-23 17:47:16: hRAG CONTROL ROOM: SECURITY BOOTSTRAP
2026-04-23 17:47:16: Node ID: Steves-MacBook-Pro.local-6e967460
2026-04-23 17:47:16: ------------------------------------------------
2026-04-23 17:47:16: [-] Retrieving secure blob from Garage S3...
2026-04-23 17:47:16: Listening on http://0.0.0.0:3000
2026-04-23 17:47:16: [-] Decrypting JWT secret material...
2026-04-23 17:47:17: [+] Security chain established. Node is operational.
2026-04-23 17:47:17: [+] Heartbeat monitoring active (60s interval).
2026-04-23 17:47:17: ------------------------------------------------
